c:\users\asus\source\repos\prigi iii - 6\prigi iii - 6\debug\vc141.pdb
c:\users\asus\source\repos\prigi iii - 6\prigi iii - 6\debug\vc141.idb
c:\users\asus\source\repos\prigi iii - 6\prigi iii - 6\debug\źródło.obj
c:\users\asus\source\repos\prigi iii - 6\prigi iii - 6\debug\pokaz.obj
c:\users\asus\source\repos\prigi iii - 6\prigi iii - 6\debug\main.obj
c:\users\asus\source\repos\prigi iii - 6\prigi iii - 6\debug\factory.obj
c:\users\asus\source\repos\prigi iii - 6\prigi iii - 6\debug\console.obj
c:\users\asus\source\repos\prigi iii - 6\prigi iii - 6\debug\factory.obj.enc
c:\users\asus\source\repos\prigi iii - 6\debug\progi iii - 6.pdb
c:\users\asus\source\repos\prigi iii - 6\prigi iii - 6\debug\progi iii - 6.tlog\cl.command.1.tlog
c:\users\asus\source\repos\prigi iii - 6\prigi iii - 6\debug\progi iii - 6.tlog\cl.read.1.tlog
c:\users\asus\source\repos\prigi iii - 6\prigi iii - 6\debug\progi iii - 6.tlog\cl.write.1.tlog
c:\users\asus\source\repos\prigi iii - 6\prigi iii - 6\debug\progi iii - 6.tlog\link-cvtres.read.1.tlog
c:\users\asus\source\repos\prigi iii - 6\prigi iii - 6\debug\progi iii - 6.tlog\link-cvtres.write.1.tlog
c:\users\asus\source\repos\prigi iii - 6\prigi iii - 6\debug\progi iii - 6.tlog\link-rc.read.1.tlog
c:\users\asus\source\repos\prigi iii - 6\prigi iii - 6\debug\progi iii - 6.tlog\link-rc.write.1.tlog
c:\users\asus\source\repos\prigi iii - 6\prigi iii - 6\debug\progi iii - 6.tlog\link.6624-cvtres.read.1.tlog
c:\users\asus\source\repos\prigi iii - 6\prigi iii - 6\debug\progi iii - 6.tlog\link.6624-cvtres.write.1.tlog
c:\users\asus\source\repos\prigi iii - 6\prigi iii - 6\debug\progi iii - 6.tlog\link.6624-rc.read.1.tlog
c:\users\asus\source\repos\prigi iii - 6\prigi iii - 6\debug\progi iii - 6.tlog\link.6624-rc.write.1.tlog
c:\users\asus\source\repos\prigi iii - 6\prigi iii - 6\debug\progi iii - 6.tlog\link.6624.read.1.tlog
c:\users\asus\source\repos\prigi iii - 6\prigi iii - 6\debug\progi iii - 6.tlog\link.6624.write.1.tlog
c:\users\asus\source\repos\prigi iii - 6\prigi iii - 6\debug\progi iii - 6.tlog\link.command.1.tlog
c:\users\asus\source\repos\prigi iii - 6\prigi iii - 6\debug\progi iii - 6.tlog\link.read.1.tlog
c:\users\asus\source\repos\prigi iii - 6\prigi iii - 6\debug\progi iii - 6.tlog\link.write.1.tlog
